<?xml version="1.0" encoding="UTF-8" ?>
<testsuite errors="0" failures="0" hostname="info-211-21x.iut.bx1" name="lowatem.JoueurLowatemTest" skipped="0" tests="1" time="0.092" timestamp="2021-12-06T11:59:44">
  <properties>
    <property name="libs.spring-framework300.classpath" value="/mnt/raddix/opt/netbeans/platform/modules/org-apache-commons-logging.jar:/mnt/raddix/opt/netbeans/java/modules/ext/cglib-2.2.jar:/mnt/raddix/opt/netbeans/java/modules/ext/spring-3.0/spring-aop-3.2.18.RELEASE.jar:/mnt/raddix/opt/netbeans/java/modules/ext/spring-3.0/spring-aspects-3.2.18.RELEASE.jar:/mnt/raddix/opt/netbeans/java/modules/ext/spring-3.0/spring-beans-3.2.18.RELEASE.jar:/mnt/raddix/opt/netbeans/java/modules/ext/spring-3.0/spring-context-3.2.18.RELEASE.jar:/mnt/raddix/opt/netbeans/java/modules/ext/spring-3.0/spring-context-support-3.2.18.RELEASE.jar:/mnt/raddix/opt/netbeans/java/modules/ext/spring-3.0/spring-core-3.2.18.RELEASE.jar:/mnt/raddix/opt/netbeans/java/modules/ext/spring-3.0/spring-expression-3.2.18.RELEASE.jar:/mnt/raddix/opt/netbeans/java/modules/ext/spring-3.0/spring-instrument-3.2.18.RELEASE.jar:/mnt/raddix/opt/netbeans/java/modules/ext/spring-3.0/spring-instrument-tomcat-3.2.18.RELEASE.jar:/mnt/raddix/opt/netbeans/java/modules/ext/spring-3.0/spring-jdbc-3.2.18.RELEASE.jar:/mnt/raddix/opt/netbeans/java/modules/ext/spring-3.0/spring-jms-3.2.18.RELEASE.jar:/mnt/raddix/opt/netbeans/java/modules/ext/spring-3.0/spring-orm-3.2.18.RELEASE.jar:/mnt/raddix/opt/netbeans/java/modules/ext/spring-3.0/spring-oxm-3.2.18.RELEASE.jar:/mnt/raddix/opt/netbeans/java/modules/ext/spring-3.0/spring-struts-3.2.18.RELEASE.jar:/mnt/raddix/opt/netbeans/java/modules/ext/spring-3.0/spring-test-3.2.18.RELEASE.jar:/mnt/raddix/opt/netbeans/java/modules/ext/spring-3.0/spring-tx-3.2.18.RELEASE.jar:/mnt/raddix/opt/netbeans/java/modules/ext/spring-3.0/spring-web-3.2.18.RELEASE.jar:/mnt/raddix/opt/netbeans/java/modules/ext/spring-3.0/spring-webmvc-3.2.18.RELEASE.jar:/mnt/raddix/opt/netbeans/java/modules/ext/spring-3.0/spring-webmvc-portlet-3.2.18.RELEASE.jar" />
    <property name="javac.test.classpath" value=":build/classes:/mnt/raddix/opt/netbeans/platform/modules/ext/junit-4.13.2.jar:/mnt/raddix/opt/netbeans/platform/modules/ext/hamcrest-core-1.3.jar" />
    <property name="java.specification.version" value="11" />
    <property name="libs.spring-framework500.classpath" value="/mnt/raddix/opt/netbeans/platform/modules/org-apache-commons-logging.jar:/mnt/raddix/opt/netbeans/java/modules/ext/cglib-2.2.jar:/mnt/raddix/opt/netbeans/java/modules/ext/spring-5/spring-aop-5.2.9.RELEASE.jar:/mnt/raddix/opt/netbeans/java/modules/ext/spring-5/spring-aspects-5.2.9.RELEASE.jar:/mnt/raddix/opt/netbeans/java/modules/ext/spring-5/spring-beans-5.2.9.RELEASE.jar:/mnt/raddix/opt/netbeans/java/modules/ext/spring-5/spring-context-5.2.9.RELEASE.jar:/mnt/raddix/opt/netbeans/java/modules/ext/spring-5/spring-context-indexer-5.2.9.RELEASE.jar:/mnt/raddix/opt/netbeans/java/modules/ext/spring-5/spring-context-support-5.2.9.RELEASE.jar:/mnt/raddix/opt/netbeans/java/modules/ext/spring-5/spring-core-5.2.9.RELEASE.jar:/mnt/raddix/opt/netbeans/java/modules/ext/spring-5/spring-expression-5.2.9.RELEASE.jar:/mnt/raddix/opt/netbeans/java/modules/ext/spring-5/spring-instrument-5.2.9.RELEASE.jar:/mnt/raddix/opt/netbeans/java/modules/ext/spring-5/spring-jcl-5.2.9.RELEASE.jar:/mnt/raddix/opt/netbeans/java/modules/ext/spring-5/spring-jdbc-5.2.9.RELEASE.jar:/mnt/raddix/opt/netbeans/java/modules/ext/spring-5/spring-jms-5.2.9.RELEASE.jar:/mnt/raddix/opt/netbeans/java/modules/ext/spring-5/spring-messaging-5.2.9.RELEASE.jar:/mnt/raddix/opt/netbeans/java/modules/ext/spring-5/spring-orm-5.2.9.RELEASE.jar:/mnt/raddix/opt/netbeans/java/modules/ext/spring-5/spring-oxm-5.2.9.RELEASE.jar:/mnt/raddix/opt/netbeans/java/modules/ext/spring-5/spring-test-5.2.9.RELEASE.jar:/mnt/raddix/opt/netbeans/java/modules/ext/spring-5/spring-tx-5.2.9.RELEASE.jar:/mnt/raddix/opt/netbeans/java/modules/ext/spring-5/spring-web-5.2.9.RELEASE.jar:/mnt/raddix/opt/netbeans/java/modules/ext/spring-5/spring-webflux-5.2.9.RELEASE.jar:/mnt/raddix/opt/netbeans/java/modules/ext/spring-5/spring-webmvc-5.2.9.RELEASE.jar:/mnt/raddix/opt/netbeans/java/modules/ext/spring-5/spring-websocket-5.2.9.RELEASE.jar" />
    <property name="jar.index.metainf" value="false" />
    <property name="libs.spring-framework400.classpath" value="/mnt/raddix/opt/netbeans/platform/modules/org-apache-commons-logging.jar:/mnt/raddix/opt/netbeans/java/modules/ext/cglib-2.2.jar:/mnt/raddix/opt/netbeans/java/modules/ext/spring-4/spring-aop-4.3.29.RELEASE.jar:/mnt/raddix/opt/netbeans/java/modules/ext/spring-4/spring-aspects-4.3.29.RELEASE.jar:/mnt/raddix/opt/netbeans/java/modules/ext/spring-4/spring-beans-4.3.29.RELEASE.jar:/mnt/raddix/opt/netbeans/java/modules/ext/spring-4/spring-context-4.3.29.RELEASE.jar:/mnt/raddix/opt/netbeans/java/modules/ext/spring-4/spring-context-support-4.3.29.RELEASE.jar:/mnt/raddix/opt/netbeans/java/modules/ext/spring-4/spring-core-4.3.29.RELEASE.jar:/mnt/raddix/opt/netbeans/java/modules/ext/spring-4/spring-expression-4.3.29.RELEASE.jar:/mnt/raddix/opt/netbeans/java/modules/ext/spring-4/spring-instrument-4.3.29.RELEASE.jar:/mnt/raddix/opt/netbeans/java/modules/ext/spring-4/spring-instrument-tomcat-4.3.29.RELEASE.jar:/mnt/raddix/opt/netbeans/java/modules/ext/spring-4/spring-jdbc-4.3.29.RELEASE.jar:/mnt/raddix/opt/netbeans/java/modules/ext/spring-4/spring-jms-4.3.29.RELEASE.jar:/mnt/raddix/opt/netbeans/java/modules/ext/spring-4/spring-messaging-4.3.29.RELEASE.jar:/mnt/raddix/opt/netbeans/java/modules/ext/spring-4/spring-orm-4.3.29.RELEASE.jar:/mnt/raddix/opt/netbeans/java/modules/ext/spring-4/spring-oxm-4.3.29.RELEASE.jar:/mnt/raddix/opt/netbeans/java/modules/ext/spring-4/spring-test-4.3.29.RELEASE.jar:/mnt/raddix/opt/netbeans/java/modules/ext/spring-4/spring-tx-4.3.29.RELEASE.jar:/mnt/raddix/opt/netbeans/java/modules/ext/spring-4/spring-web-4.3.29.RELEASE.jar:/mnt/raddix/opt/netbeans/java/modules/ext/spring-4/spring-webmvc-4.3.29.RELEASE.jar:/mnt/raddix/opt/netbeans/java/modules/ext/spring-4/spring-webmvc-portlet-4.3.29.RELEASE.jar:/mnt/raddix/opt/netbeans/java/modules/ext/spring-4/spring-websocket-4.3.29.RELEASE.jar" />
    <property name="libs.spring-webmvc4.0.javadoc" value="" />
    <property name="test.binaryincludes" value="&lt;nothing&gt;" />
    <property name="debug-transport" value="dt_socket" />
    <property name="libs.javaee-web-api-8.0.src" value="" />
    <property name="java.vendor.url" value="https://ubuntu.com/" />
    <property name="debug.modulepath" value="" />
    <property name="libs.eclipselink.javadoc" value="/mnt/raddix/opt/netbeans/java/modules/ext/docs/javax.persistence-2.2.1-doc.zip" />
    <property name="libs.jsp-compilation.src" value="" />
    <property name="libs.JWSAntTasks.javadoc" value="" />
    <property name="sun.boot.library.path" value="/usr/lib/jvm/java-11-openjdk-amd64/lib" />
    <property name="sun.java.command" value="org.apache.tools.ant.taskdefs.optional.junit.JUnitTestRunner lowatem.JoueurLowatemTest methods=testNbPointsDeVie skipNonTests=false filtertrace=true haltOnError=false haltOnFailure=false showoutput=true outputtoformatters=true logfailedtests=true threadid=0 logtestlistenerevents=true formatter=org.apache.tools.ant.taskdefs.optional.junit.BriefJUnitResultFormatter formatter=org.apache.tools.ant.taskdefs.optional.junit.XMLJUnitResultFormatter,/mnt/roost/users/emiqueu/cours/cours/algo_prog/Projets/Lowatem/niveau6/Lowatem/build/test/results/TEST-lowatem.JoueurLowatemTest.xml crashfile=/mnt/roost/users/emiqueu/cours/cours/algo_prog/Projets/Lowatem/niveau6/Lowatem/build/junitvmwatcher7505472409040274129.properties propsfile=/mnt/roost/users/emiqueu/cours/cours/algo_prog/Projets/Lowatem/niveau6/Lowatem/build/junit12440920303255593906.properties" />
    <property name="jdk.debug" value="release" />
    <property name="libs.spring-framework300.src" value="" />
    <property name="javadoc.use" value="true" />
    <property name="javadoc.notree" value="false" />
    <property name="basedir" value="/mnt/roost/users/emiqueu/cours/cours/algo_prog/Projets/Lowatem/niveau6/Lowatem" />
    <property name="application.vendor" value="olivier" />
    <property name="java.specification.name" value="Java Platform API Specification" />
    <property name="java.vm.specification.vendor" value="Oracle Corporation" />
    <property name="libs.jsf20.classpath" value="/mnt/raddix/opt/netbeans/enterprise/modules/ext/jsf-2_2/javax.faces.jar" />
    <property name="netbeans.extbrowser.manual_chrome_plugin_install" value="yes" />
    <property name="netbeans.default_userdir_root" value="/mnt/roost/users/emiqueu/.netbeans" />
    <property name="libs.spring-framework500.javadoc" value="" />
    <property name="libs.jsp-compilation-syscp.src" value="" />
    <property name="jdk.home" value="/usr/lib/jvm/java-11-openjdk-amd64" />
    <property name="java.runtime.version" value="11.0.11+9-Ubuntu-0ubuntu2.20.04" />
    <property name="libs.eclipselink.maven-pom" value="" />
    <property name="libs.metro.maven-pom" value="" />
    <property name="libs.JAXB-ENDORSED.javadoc" value="" />
    <property name="org.openide.awt.SwingBrowserImpl.do-not-block-awt" value="false" />
    <property name="sun.java2d.noddraw" value="true" />
    <property name="sun.zip.disableMemoryMapping" value="true" />
    <property name="jnidispatch.path" value="/mnt/roost/users/emiqueu/.cache/JNA/temp/jna6834560719446917871.tmp" />
    <property name="libs.jsf12.src" value="" />
    <property name="libs.primefaces.javadoc" value="" />
    <property name="libs.jsp-compilation.javadoc" value="" />
    <property name="libs.groovy-all.maven-pom" value="" />
    <property name="libs.restapi.src" value="" />
    <property name="libs.junit_5.javadoc" value="/mnt/raddix/opt/netbeans/platform/docs/junit-jupiter-api-5.6.0-javadoc.jar:/mnt/raddix/opt/netbeans/platform/docs/junit-jupiter-params-5.6.0-javadoc.jar:/mnt/raddix/opt/netbeans/platform/docs/junit-jupiter-engine-5.6.0-javadoc.jar" />
    <property name="dist.archive.excludes" value="" />
    <property name="java.io.tmpdir" value="/tmp" />
    <property name="java.version" value="11.0.11" />
    <property name="libs.jakartaee-api-8.0.javadoc" value="/mnt/raddix/opt/netbeans/enterprise/docs/jakartaee8-doc-api.jar" />
    <property name="java.vm.specification.name" value="Java Virtual Machine Specification" />
    <property name="libs.hamcrest.src" value="" />
    <property name="java.library.path" value="/usr/java/packages/lib:/usr/lib/x86_64-linux-gnu/jni:/lib/x86_64-linux-gnu:/usr/lib/x86_64-linux-gnu:/usr/lib/jni:/lib:/usr/lib" />
    <property name="java.vendor" value="Ubuntu" />
    <property name="libs.testng.javadoc" value="/mnt/raddix/opt/netbeans/platform/docs/testng-6.13.1-javadoc.jar" />
    <property name="libs.groovy-all.src" value="" />
    <property name="meta.inf.dir" value="src/META-INF" />
    <property name="jlink.additionalparam" value="" />
    <property name="libs.testng.maven-pom" value="" />
    <property name="org.openide.version" value="deprecated" />
    <property name="run.classpath" value=":build/classes" />
    <property name="libs.jaxb.src" value="" />
    <property name="test.src.dir" value="test" />
    <property name="sun.awt.enableExtraMouseButtons" value="true" />
    <property name="org.openide.major.version" value="IDE/1" />
    <property name="libs.spring-framework300.javadoc" value="" />
    <property name="ap.proc.none.internal" value="" />
    <property name="org.openide.specification.version" value="6.2" />
    <property name="user.timezone" value="" />
    <property name="jar.index" value="false" />
    <property name="libs.jpa20-persistence.classpath" value="/mnt/raddix/opt/netbeans/java/modules/ext/eclipselink/javax.persistence-2.2.1.jar" />
    <property name="libs.eclipselinkmodelgen.javadoc" value="" />
    <property name="java.vm.specification.version" value="11" />
    <property name="libs.junit_5.classpath" value="/mnt/raddix/opt/netbeans/platform/modules/ext/junit-jupiter-api-5.6.0.jar:/mnt/raddix/opt/netbeans/platform/modules/ext/junit-jupiter-params-5.6.0.jar:/mnt/raddix/opt/netbeans/platform/modules/ext/junit-jupiter-engine-5.6.0.jar" />
    <property name="javadoc.noindex" value="false" />
    <property name="javadoc.private" value="false" />
    <property name="libs.spring-webmvc4.0.maven-pom" value="" />
    <property name="libs.JAXB-ENDORSED.maven-pom" value="" />
    <property name="user.home" value="/mnt/roost/users/emiqueu" />
    <property name="libs.eclipselinkmodelgen.maven-pom" value="" />
    <property name="have.sources" value="true" />
    <property name="annotation.processing.processors.list" value="" />
    <property name="jlink.launcher" value="true" />
    <property name="javac.deprecation" value="false" />
    <property name="build.generated.sources.dir" value="build/generated-sources" />
    <property name="plugin.manager.check.updates" value="false" />
    <property name="netbeans.autoupdate.language" value="fr" />
    <property name="libs.eclipselinkmodelgen.src" value="" />
    <property name="build.compiler.emacs" value="true" />
    <property name="build.classes.excludes" value="**/*.java,**/*.form" />
    <property name="dist.jar" value="dist/Lowatem.jar" />
    <property name="libs.jakartaee-web-api-9.0.classpath" value="/mnt/raddix/opt/netbeans/enterprise/modules/ext/jakarta.jakartaee-web-api-9.0.0.jar" />
    <property name="libs.spring-webmvc4.0.classpath" value="/mnt/raddix/opt/netbeans/java/modules/ext/spring-4/spring-webmvc-4.3.29.RELEASE.jar" />
    <property name="libs.javaee-endorsed-api-7.0.javadoc" value="/mnt/raddix/opt/netbeans/enterprise/docs/javaee-doc-api.jar" />
    <property name="os.version" value="5.11.0-41-generic" />
    <property name="netbeans.home" value="/mnt/raddix/opt/netbeans/platform" />
    <property name="libs.CopyLibs.javadoc" value="" />
    <property name="debug-transport-by-os" value="dt_socket" />
    <property name="libs.javaee-api-8.0.javadoc" value="/mnt/raddix/opt/netbeans/enterprise/docs/javaee-doc-api.jar" />
    <property name="libs.jsf20.src" value="" />
    <property name="java.vm.name" value="OpenJDK 64-Bit Server VM" />
    <property name="libs.jstl.javadoc" value="/mnt/raddix/opt/netbeans/enterprise/docs/javaee-doc-api.jar" />
    <property name="libs.javaee-endorsed-api-7.0.maven-pom" value="" />
    <property name="libs.jaxws21.classpath" value="/mnt/raddix/opt/netbeans/ide/modules/ext/jaxb/jaxb-impl.jar:/mnt/raddix/opt/netbeans/ide/modules/ext/jaxb/jaxb-xjc.jar:/mnt/raddix/opt/netbeans/java/modules/ext/jaxws22/FastInfoset.jar:/mnt/raddix/opt/netbeans/java/modules/ext/jaxws22/gmbal-api-only.jar:/mnt/raddix/opt/netbeans/java/modules/ext/jaxws22/ha-api.jar:/mnt/raddix/opt/netbeans/java/modules/ext/jaxws22/javax.mail_1.4.jar:/mnt/raddix/opt/netbeans/java/modules/ext/jaxws22/jaxws-rt.jar:/mnt/raddix/opt/netbeans/java/modules/ext/jaxws22/jaxws-tools.jar:/mnt/raddix/opt/netbeans/java/modules/ext/jaxws22/management-api.jar:/mnt/raddix/opt/netbeans/java/modules/ext/jaxws22/mimepull.jar:/mnt/raddix/opt/netbeans/java/modules/ext/jaxws22/policy.jar:/mnt/raddix/opt/netbeans/java/modules/ext/jaxws22/saaj-impl.jar:/mnt/raddix/opt/netbeans/java/modules/ext/jaxws22/stax-ex.jar:/mnt/raddix/opt/netbeans/java/modules/ext/jaxws22/stax2-api.jar:/mnt/raddix/opt/netbeans/java/modules/ext/jaxws22/streambuffer.jar:/mnt/raddix/opt/netbeans/java/modules/ext/jaxws22/woodstox-core-asl.jar:/mnt/raddix/opt/netbeans/java/modules/ext/jaxws22/api/jaxws-api.jar:/mnt/raddix/opt/netbeans/java/modules/ext/jaxws22/api/jsr181-api.jar:/mnt/raddix/opt/netbeans/java/modules/ext/jaxws22/api/javax.annotation.jar:/mnt/raddix/opt/netbeans/java/modules/ext/jaxws22/api/saaj-api.jar:/mnt/raddix/opt/netbeans/ide/modules/ext/jaxb/activation.jar:/mnt/raddix/opt/netbeans/ide/modules/ext/jaxb/api/jaxb-api.jar" />
    <property name="libs.restapi.classpath" value="/mnt/raddix/opt/netbeans/enterprise/modules/ext/jaxrs-2.1/jakarta.ws.rs-api-2.1.6.jar" />
    <property name="os.arch" value="amd64" />
    <property name="build.generated.dir" value="build/generated" />
    <property name="libs.groovy-all.javadoc" value="" />
    <property name="libs.jakartaee-api-8.0.classpath" value="/mnt/raddix/opt/netbeans/enterprise/modules/ext/jakarta.jakartaee-api-8.0.0.jar" />
    <property name="libs.javaee-web-api-7.0.javadoc" value="/mnt/raddix/opt/netbeans/enterprise/docs/javaee-doc-api.jar" />
    <property name="libs.javaee-endorsed-api-6.0.src" value="" />
    <property name="libs.jsf12.maven-pom" value="" />
    <property name="libs.javaee-endorsed-api-7.0.classpath" value="/mnt/raddix/opt/netbeans/enterprise/modules/ext/javaee7-endorsed/javax.annotation-api.jar:/mnt/raddix/opt/netbeans/enterprise/modules/ext/javaee7-endorsed/javax.xml.soap-api.jar:/mnt/raddix/opt/netbeans/enterprise/modules/ext/javaee7-endorsed/jaxb-api-osgi.jar:/mnt/raddix/opt/netbeans/enterprise/modules/ext/javaee7-endorsed/jaxws-api.jar:/mnt/raddix/opt/netbeans/enterprise/modules/ext/javaee7-endorsed/jsr181-api.jar" />
    <property name="org.netbeans.io.suspend" value="0" />
    <property name="libs.primefaces.maven-pom" value="" />
    <property name="awt.toolkit" value="sun.awt.X11.XToolkit" />
    <property name="jpda.address" value="localhost:48787" />
    <property name="ant.project.name" value="Lowatem" />
    <property name="dist.javadoc.dir" value="dist/javadoc" />
    <property name="default.javac.target" value="11" />
    <property name="javac.fork" value="true" />
    <property name="libs.eclipselink.classpath" value="/mnt/raddix/opt/netbeans/java/modules/ext/eclipselink/org.eclipse.persistence.core-2.7.7.jar:/mnt/raddix/opt/netbeans/java/modules/ext/eclipselink/org.eclipse.persistence.asm-2.7.7.jar:/mnt/raddix/opt/netbeans/java/modules/ext/eclipselink/org.eclipse.persistence.antlr-2.7.7.jar:/mnt/raddix/opt/netbeans/java/modules/ext/eclipselink/org.eclipse.persistence.jpa-2.7.7.jar:/mnt/raddix/opt/netbeans/java/modules/ext/eclipselink/org.eclipse.persistence.jpa.jpql-2.7.7.jar:/mnt/raddix/opt/netbeans/java/modules/ext/eclipselink/org.eclipse.persistence.moxy-2.7.7.jar:/mnt/raddix/opt/netbeans/java/modules/ext/eclipselink/javax.persistence-2.2.1.jar" />
    <property name="libs.struts.classpath" value="/mnt/raddix/opt/netbeans/enterprise/modules/ext/struts/antlr-2.7.2.jar:/mnt/raddix/opt/netbeans/enterprise/modules/ext/struts/bsf-2.3.0.jar:/mnt/raddix/opt/netbeans/enterprise/modules/ext/struts/commons-beanutils-1.8.0.jar:/mnt/raddix/opt/netbeans/enterprise/modules/ext/struts/commons-chain-1.2.jar:/mnt/raddix/opt/netbeans/enterprise/modules/ext/struts/commons-digester-1.8.jar:/mnt/raddix/opt/netbeans/enterprise/modules/ext/struts/commons-fileupload-1.1.1.jar:/mnt/raddix/opt/netbeans/enterprise/modules/ext/struts/commons-io-1.1.jar:/mnt/raddix/opt/netbeans/enterprise/modules/ext/struts/commons-logging-1.0.4.jar:/mnt/raddix/opt/netbeans/enterprise/modules/ext/struts/commons-validator-1.3.1.jar:/mnt/raddix/opt/netbeans/enterprise/modules/ext/struts/jstl-1.0.2.jar:/mnt/raddix/opt/netbeans/enterprise/modules/ext/struts/oro-2.0.8.jar:/mnt/raddix/opt/netbeans/enterprise/modules/ext/struts/standard-1.0.6.jar:/mnt/raddix/opt/netbeans/enterprise/modules/ext/struts/struts-core-1.3.10.jar:/mnt/raddix/opt/netbeans/enterprise/modules/ext/struts/struts-el-1.3.10.jar:/mnt/raddix/opt/netbeans/enterprise/modules/ext/struts/struts-extras-1.3.10.jar:/mnt/raddix/opt/netbeans/enterprise/modules/ext/struts/struts-faces-1.3.10.jar:/mnt/raddix/opt/netbeans/enterprise/modules/ext/struts/struts-mailreader-dao-1.3.10.jar:/mnt/raddix/opt/netbeans/enterprise/modules/ext/struts/struts-scripting-1.3.10.jar:/mnt/raddix/opt/netbeans/enterprise/modules/ext/struts/struts-taglib-1.3.10.jar:/mnt/raddix/opt/netbeans/enterprise/modules/ext/struts/struts-tiles-1.3.10.jar" />
    <property name="libs.PostgreSQLDriver.maven-pom" value="" />
    <property name="libs.absolutelayout.src" value="" />
    <property name="testng.mode" value="testng" />
    <property name="annotation.processing.enabled.in.editor" value="false" />
    <property name="ant.file.type.Lowatem" value="file" />
    <property name="java.vm.compressedOopsMode" value="32-bit" />
    <property name="netbeans.productversion" value="Apache NetBeans IDE 12.5" />
    <property name="ant.file.Lowatem-impl" value="/mnt/roost/users/emiqueu/cours/cours/algo_prog/Projets/Lowatem/niveau6/Lowatem/nbproject/build-impl.xml" />
    <property name="mkdist.disabled" value="false" />
    <property name="libs.javaee-web-api-6.0.javadoc" value="/mnt/raddix/opt/netbeans/enterprise/docs/javaee-doc-api.jar" />
    <property name="libs.groovy-all.classpath" value="/mnt/raddix/opt/netbeans/groovy/modules/ext/groovy-3.0.8.jar:/mnt/raddix/opt/netbeans/groovy/modules/ext/groovy-ant-3.0.8.jar" />
    <property name="libs.javaee-api-7.0.maven-pom" value="" />
    <property name="libs.absolutelayout.javadoc" value="" />
    <property name="annotation.processing.processor.options" value="" />
    <property name="libs.jaxb.maven-pom" value="" />
    <property name="libs.javaee-api-6.0.maven-pom" value="" />
    <property name="dist.dir" value="dist" />
    <property name="build.dir" value="build" />
    <property name="libs.graaljs.maven-pom" value="" />
    <property name="netbeans.autoupdate.variant" value="" />
    <property name="javadoc.version" value="false" />
    <property name="libs.metro.src" value="" />
    <property name="libs.metro.classpath" value="/mnt/raddix/opt/netbeans/ide/modules/ext/jaxb/activation.jar:/mnt/raddix/opt/netbeans/enterprise/modules/ext/metro/webservices-api.jar:/mnt/raddix/opt/netbeans/enterprise/modules/ext/metro/webservices-extra-api.jar:/mnt/raddix/opt/netbeans/enterprise/modules/ext/metro/webservices-extra.jar:/mnt/raddix/opt/netbeans/enterprise/modules/ext/metro/webservices-rt.jar:/mnt/raddix/opt/netbeans/enterprise/modules/ext/metro/webservices-tools.jar" />
    <property name="libs.CopyLibs.classpath" value="/mnt/raddix/opt/netbeans/java/ant/extra/org-netbeans-modules-java-j2seproject-copylibstask.jar" />
    <property name="sun.os.patch.level" value="unknown" />
    <property name="javadoc.html5" value="false" />
    <property name="javac.test.processorpath" value=":build/classes:/mnt/raddix/opt/netbeans/platform/modules/ext/junit-4.13.2.jar:/mnt/raddix/opt/netbeans/platform/modules/ext/hamcrest-core-1.3.jar" />
    <property name="libs.javaee-web-api-7.0.maven-pom" value="" />
    <property name="libs.javaee-web-api-8.0.maven-pom" value="" />
    <property name="netbeans.dirs" value="/mnt/raddix/opt/netbeans/nb:/mnt/raddix/opt/netbeans/ergonomics:/mnt/raddix/opt/netbeans/ide:/mnt/raddix/opt/netbeans/extide:/mnt/raddix/opt/netbeans/java:/mnt/raddix/opt/netbeans/apisupport:/mnt/raddix/opt/netbeans/webcommon:/mnt/raddix/opt/netbeans/websvccommon:/mnt/raddix/opt/netbeans/enterprise:/mnt/raddix/opt/netbeans/mobility:/mnt/raddix/opt/netbeans/profiler:/mnt/raddix/opt/netbeans/python:/mnt/raddix/opt/netbeans/php:/mnt/raddix/opt/netbeans/identity:/mnt/raddix/opt/netbeans/harness:/mnt/raddix/opt/netbeans/cnd:/mnt/raddix/opt/netbeans/cndext:/mnt/raddix/opt/netbeans/cpplite:/mnt/raddix/opt/netbeans/dlight:/mnt/raddix/opt/netbeans/groovy:/mnt/raddix/opt/netbeans/extra:/mnt/raddix/opt/netbeans/javacard:/mnt/raddix/opt/netbeans/javafx:" />
    <property name="libs.hamcrest.maven-pom" value="" />
    <property name="javac.processorpath" value="" />
    <property name="libs.javaee-api-6.0.javadoc" value="/mnt/raddix/opt/netbeans/enterprise/docs/javaee-doc-api.jar" />
    <property name="libs.JWSAntTasks.maven-pom" value="" />
    <property name="run.modulepath" value="" />
    <property name="do.archive+manifest.available" value="true" />
    <property name="apple.laf.useScreenMenuBar" value="true" />
    <property name="sun.java.launcher" value="SUN_STANDARD" />
    <property name="user.country" value="FR" />
    <property name="libs.jakartaee-api-9.0.maven-pom" value="" />
    <property name="libs.jpa20-persistence.src" value="" />
    <property name="libs.restapi.javadoc" value="" />
    <property name="endorsed.classpath" value="" />
    <property name="javac.test.sourcepath" value="/mnt/roost/users/emiqueu/cours/cours/algo_prog/Projets/Lowatem/niveau6/Lowatem/build/empty" />
    <property name="libs.spring-webmvc3.0.maven-pom" value="" />
    <property name="includes" value="**" />
    <property name="libs.jsf12.javadoc" value="/mnt/raddix/opt/netbeans/enterprise/docs/javaee-doc-api.jar" />
    <property name="libs.hamcrest.classpath" value="/mnt/raddix/opt/netbeans/platform/modules/ext/hamcrest-core-1.3.jar" />
    <property name="javadoc.splitindex" value="true" />
    <property name="libs.JWSAntTasks.classpath" value="/mnt/raddix/opt/netbeans/java/ant/extra/org-netbeans-modules-javawebstart-anttasks.jar" />
    <property name="junit.available" value="true" />
    <property name="javac.processormodulepath" value="" />
    <property name="javadoc.encoding" value="UTF-8" />
    <property name="libs.jsp-compilation-syscp.maven-pom" value="" />
    <property name="libs.jstl.src" value="" />
    <property name="netbeans.hash.code" value="unique=0666096b7-420f-4dee-a2ea-b93a8bc2935a_dff621f4-f423-49c9-a2ea-88d663c650af" />
    <property name="netbeans.running.environment" value="gnome" />
    <property name="libs.spring-webmvc3.0.classpath" value="/mnt/raddix/opt/netbeans/java/modules/ext/spring-3.0/spring-webmvc-3.2.18.RELEASE.jar" />
    <property name="java.runtime.name" value="OpenJDK Runtime Environment" />
    <property name="libs.jaxb.javadoc" value="/mnt/raddix/opt/netbeans/ide/docs/jaxb-api-doc.jar" />
    <property name="manifest.available" value="true" />
    <property name="libs.spring-framework500.maven-pom" value="" />
    <property name="run.jvmargs.ide" value="" />
    <property name="ant.core.lib" value="/mnt/raddix/opt/netbeans/extide/ant/lib/ant.jar" />
    <property name="libs.jsp-compilation.maven-pom" value="" />
    <property name="platforms.JDK_11.compiler" value="modern" />
    <property name="javac.profile.cmd.line.arg" value="" />
    <property name="libs.jakartaee-api-9.0.classpath" value="/mnt/raddix/opt/netbeans/enterprise/modules/ext/jakarta.jakartaee-api-9.0.0.jar" />
    <property name="application.title" value="Lowatem" />
    <property name="javac.test.modulepath" value="" />
    <property name="libs.PostgreSQLDriver.javadoc" value="" />
    <property name="libs.jsp-compilation-syscp.classpath" value="/mnt/raddix/opt/netbeans/extide/ant/lib/ant.jar:/mnt/raddix/opt/netbeans/enterprise/modules/ext/servlet3.1-jsp2.3-api.jar:/mnt/raddix/opt/netbeans/enterprise/modules/ext/glassfish-jspparser-4.0.jar:/mnt/raddix/opt/netbeans/enterprise/modules/ext/jstl-impl.jar:/mnt/raddix/opt/netbeans/enterprise/modules/ext/jsf-2_2/javax.faces.jar" />
    <property name="libs.jsp-compilation.classpath" value="/mnt/raddix/opt/netbeans/extide/ant/lib/ant.jar:/mnt/raddix/opt/netbeans/enterprise/modules/ext/servlet3.1-jsp2.3-api.jar:/mnt/raddix/opt/netbeans/enterprise/modules/ext/glassfish-jspparser-4.0.jar:/mnt/raddix/opt/netbeans/enterprise/modules/ext/jsf-2_2/javax.faces.jar:/mnt/raddix/opt/netbeans/enterprise/modules/ext/jstl-api.jar:/mnt/raddix/opt/netbeans/extide/ant/lib/ant-launcher.jar" />
    <property name="libs.javaee-api-6.0.classpath" value="/mnt/raddix/opt/netbeans/enterprise/modules/ext/javaee-api-6.0.jar" />
    <property name="javac.includesfile.binary" value="/mnt/roost/users/emiqueu/cours/cours/algo_prog/Projets/Lowatem/niveau6/Lowatem/null2142677926" />
    <property name="libs.javaee-api-7.0.classpath" value="/mnt/raddix/opt/netbeans/enterprise/modules/ext/javaee-api-7.0.jar" />
    <property name="sun.cpu.isalist" value="" />
    <property name="libs.restapi.maven-pom" value="" />
    <property name="javadoc.preview" value="true" />
    <property name="do.depend" value="false" />
    <property name="sun.arch.data.model" value="64" />
    <property name="nb.show.statistics.ui" value="usageStatisticsEnabled" />
    <property name="libs.jakartaee-web-api-9.0.maven-pom" value="" />
    <property name="sun.font.fontmanager" value="sun.awt.X11FontManager" />
    <property name="libs.javaee-endorsed-api-7.0.src" value="" />
    <property name="annotation.processing.enabled" value="true" />
    <property name="libs.junit_5.src" value="/mnt/raddix/opt/netbeans/platform/docs/junit-jupiter-api-5.6.0-sources.jar:/mnt/raddix/opt/netbeans/platform/docs/junit-jupiter-params-5.6.0-sources.jar:/mnt/raddix/opt/netbeans/platform/docs/junit-jupiter-engine-5.6.0-sources.jar" />
    <property name="libs.jaxb.classpath" value="/mnt/raddix/opt/netbeans/ide/modules/ext/jaxb/jaxb-impl.jar:/mnt/raddix/opt/netbeans/ide/modules/ext/jaxb/jaxb-xjc.jar:/mnt/raddix/opt/netbeans/ide/modules/ext/jaxb/activation.jar:/mnt/raddix/opt/netbeans/ide/modules/ext/jaxb/api/jaxb-api.jar" />
    <property name="libs.javaee-api-8.0.classpath" value="/mnt/raddix/opt/netbeans/enterprise/modules/ext/javaee-api-8.0.jar" />
    <property name="libs.CopyLibs.src" value="" />
    <property name="platforms.JDK_11.home" value="/usr/lib/jvm/java-11-openjdk-amd64" />
    <property name="javac.source" value="1.8" />
    <property name="java.specification.vendor" value="Oracle Corporation" />
    <property name="java.version.date" value="2021-04-20" />
    <property name="java.home" value="/usr/lib/jvm/java-11-openjdk-amd64" />
    <property name="work.dir" value="/mnt/roost/users/emiqueu/cours/cours/algo_prog/Projets/Lowatem/niveau6/Lowatem" />
    <property name="javac.test.compilerargs" value="" />
    <property name="jna.boot.library.name" value="jnidispatch-nb" />
    <property name="libs.PostgreSQLDriver.classpath" value="/mnt/raddix/opt/netbeans/ide/modules/ext/postgresql-42.2.16.jar" />
    <property name="libs.graaljs.javadoc" value="" />
    <property name="libs.spring-webmvc3.0.javadoc" value="" />
    <property name="libs.JAXB-ENDORSED.src" value="" />
    <property name="manifest.encoding" value="UTF-8" />
    <property name="libs.spring-framework400.src" value="" />
    <property name="sun.management.compiler" value="HotSpot 64-Bit Tiered Compilers" />
    <property name="run.test.modulepath" value="" />
    <property name="libs.javaee-web-api-6.0.classpath" value="/mnt/raddix/opt/netbeans/enterprise/modules/ext/javaee-web-api-6.0.jar" />
    <property name="libs.graaljs.classpath" value="/mnt/raddix/opt/netbeans/webcommon/modules/ext/js-20.3.0.jar:/mnt/raddix/opt/netbeans/webcommon/modules/ext/js-launcher-20.3.0.jar:/mnt/raddix/opt/netbeans/webcommon/modules/ext/regex-20.3.0.jar:/mnt/raddix/opt/netbeans/webcommon/modules/ext/icu4j-67.1.jar:/mnt/raddix/opt/netbeans/ide/modules/ext/graal-sdk-20.3.0.jar:/mnt/raddix/opt/netbeans/ide/modules/ext/launcher-common-20.3.0.jar:/mnt/raddix/opt/netbeans/ide/modules/ext/truffle-api-20.3.0.jar" />
    <property name="libs.jsp-compiler.javadoc" value="" />
    <property name="debug.test.modulepath" value="" />
    <property name="libs.javaee-web-api-7.0.classpath" value="/mnt/raddix/opt/netbeans/enterprise/modules/ext/javaee-web-api-7.0.jar" />
    <property name="file.encoding" value="UTF-8" />
    <property name="java.util.logging.config.class" value="org.netbeans.core.startup.TopLogging" />
    <property name="https.nonProxyHosts" value="localhost|127.0.0.1|info-211-21x.iut.bx1" />
    <property name="libs.restlib.javadoc" value="" />
    <property name="libs.absolutelayout.classpath" value="/mnt/raddix/opt/netbeans/java/modules/ext/AbsoluteLayout.jar" />
    <property name="do.archive" value="true" />
    <property name="libs.struts.maven-pom" value="" />
    <property name="java.awt.printerjob" value="sun.print.PSPrinterJob" />
    <property name="built-jar.properties" value="/mnt/roost/users/emiqueu/cours/cours/algo_prog/Projets/Lowatem/niveau6/Lowatem/build/built-jar.properties" />
    <property name="nb.native.filechooser" value="false" />
    <property name="libs.testng.src" value="" />
    <property name="platform.active" value="default_platform" />
    <property name="libs.javaee-web-api-8.0.classpath" value="/mnt/raddix/opt/netbeans/enterprise/modules/ext/javaee-web-api-8.0.jar" />
    <property name="manifest.file" value="manifest.mf" />
    <property name="sun.io.unicode.encoding" value="UnicodeLittle" />
    <property name="libs.struts.javadoc" value="/mnt/raddix/opt/netbeans/enterprise/docs/struts-1.3.10-javadoc.zip" />
    <property name="default.javac.source" value="11" />
    <property name="sun.desktop" value="gnome" />
    <property name="libs.javaee-web-api-8.0.javadoc" value="/mnt/raddix/opt/netbeans/enterprise/docs/javaee-doc-api.jar" />
    <property name="netbeans.dynamic.classpath" value="/mnt/raddix/opt/netbeans/platform/core/asm-9.2.jar:/mnt/raddix/opt/netbeans/platform/core/org-netbeans-libs-asm.jar:/mnt/raddix/opt/netbeans/platform/core/core.jar:/mnt/raddix/opt/netbeans/platform/core/core-base.jar:/mnt/raddix/opt/netbeans/platform/core/asm-tree-9.2.jar:/mnt/raddix/opt/netbeans/platform/core/org-openide-filesystems.jar:/mnt/raddix/opt/netbeans/platform/core/asm-commons-9.2.jar:/mnt/raddix/opt/netbeans/platform/core/org-openide-filesystems-compat8.jar:/mnt/raddix/opt/netbeans/nb/core/org-netbeans-upgrader.jar:/mnt/raddix/opt/netbeans/nb/core/locale/core_nb.jar" />
    <property name="libs.eclipselinkmodelgen.classpath" value="/mnt/raddix/opt/netbeans/java/modules/ext/eclipselink/org.eclipse.persistence.jpa.modelgen.processor-2.7.7.jar" />
    <property name="netbeans.buildnumber" value="12.5-fd523ddc12d6156412d7b81f0c8663d8913d1021" />
    <property name="endorsed.classpath.cmd.line.arg" value="" />
    <property name="libs.jpa20-persistence.maven-pom" value="" />
    <property name="libs.CopyLibs.maven-pom" value="" />
    <property name="build.sysclasspath" value="ignore" />
    <property name="os.name" value="Linux" />
    <property name="libs.jakartaee-api-8.0.maven-pom" value="" />
    <property name="jdkBug6558476" value="false" />
    <property name="http.nonProxyHosts" value="localhost|127.0.0.1|info-211-21x.iut.bx1" />
    <property name="javadoc.author" value="false" />
    <property name="main.class" value="" />
    <property name="libs.jsp-compilation-syscp.javadoc" value="" />
    <property name="source.encoding" value="UTF-8" />
    <property name="jar.compress" value="false" />
    <property name="libs.javaee-api-7.0.javadoc" value="/mnt/raddix/opt/netbeans/enterprise/docs/javaee-doc-api.jar" />
    <property name="libs.spring-webmvc5.0.src" value="" />
    <property name="java.awt.graphicsenv" value="sun.awt.X11GraphicsEnvironment" />
    <property name="libs.jsf20.maven-pom" value="" />
    <property name="libs.restlib.classpath" value="/mnt/raddix/opt/netbeans/enterprise/modules/ext/jersey2/ext/jakarta.annotation-api-1.3.5.jar:/mnt/raddix/opt/netbeans/enterprise/modules/ext/jersey2/ext/jakarta.persistence-api-2.2.3.jar:/mnt/raddix/opt/netbeans/enterprise/modules/ext/jersey2/ext/jakarta.servlet-api-4.0.4.jar:/mnt/raddix/opt/netbeans/enterprise/modules/ext/jersey2/ext/jakarta.validation-api-2.0.2.jar:/mnt/raddix/opt/netbeans/enterprise/modules/ext/jersey2/ext/jakarta.xml.bind-api-2.3.3.jar:/mnt/raddix/opt/netbeans/enterprise/modules/ext/jersey2/jersey-client.jar:/mnt/raddix/opt/netbeans/enterprise/modules/ext/jersey2/jersey-common.jar:/mnt/raddix/opt/netbeans/enterprise/modules/ext/jersey2/jersey-server.jar:/mnt/raddix/opt/netbeans/enterprise/modules/ext/jersey2/ext/jersey-entity-filtering-2.34.jar:/mnt/raddix/opt/netbeans/enterprise/modules/ext/jersey2/ext/jersey-hk2-2.34.jar:/mnt/raddix/opt/netbeans/enterprise/modules/ext/jersey2/ext/jersey-media-moxy-2.34.jar:/mnt/raddix/opt/netbeans/enterprise/modules/ext/jersey2/jersey-container-servlet.jar:/mnt/raddix/opt/netbeans/enterprise/modules/ext/jersey2/jersey-container-servlet-core.jar:/mnt/raddix/opt/netbeans/enterprise/modules/ext/jersey2/ext/hk2-api-2.6.1.jar:/mnt/raddix/opt/netbeans/enterprise/modules/ext/jersey2/ext/hk2-locator-2.6.1.jar:/mnt/raddix/opt/netbeans/enterprise/modules/ext/jersey2/ext/hk2-utils-2.6.1.jar:/mnt/raddix/opt/netbeans/enterprise/modules/ext/jersey2/ext/jakarta.inject-2.6.1.jar:/mnt/raddix/opt/netbeans/enterprise/modules/ext/jersey2/ext/aopalliance-repackaged-2.6.1.jar:/mnt/raddix/opt/netbeans/enterprise/modules/ext/jersey2/ext/osgi.core-8.0.0.jar:/mnt/raddix/opt/netbeans/enterprise/modules/ext/jersey2/ext/osgi-resource-locator-1.0.3.jar:/mnt/raddix/opt/netbeans/java/modules/ext/eclipselink/org.eclipse.persistence.core-2.7.7.jar:/mnt/raddix/opt/netbeans/java/modules/ext/eclipselink/org.eclipse.persistence.asm-2.7.7.jar:/mnt/raddix/opt/netbeans/java/modules/ext/eclipselink/org.eclipse.persistence.antlr-2.7.7.jar:/mnt/raddix/opt/netbeans/java/modules/ext/eclipselink/org.eclipse.persistence.jpa-2.7.7.jar:/mnt/raddix/opt/netbeans/java/modules/ext/eclipselink/org.eclipse.persistence.jpa.jpql-2.7.7.jar:/mnt/raddix/opt/netbeans/java/modules/ext/eclipselink/org.eclipse.persistence.moxy-2.7.7.jar" />
    <property name="libs.jakartaee-web-api-8.0.javadoc" value="/mnt/raddix/opt/netbeans/enterprise/docs/jakartaee8-doc-api.jar" />
    <property name="apple.awt.graphics.UseQuartz" value="true" />
    <property name="libs.graaljs.src" value="" />
    <property name="run.jvmargs" value="" />
    <property name="libs.primefaces.src" value="" />
    <property name="ant.file" value="/mnt/roost/users/emiqueu/cours/cours/algo_prog/Projets/Lowatem/niveau6/Lowatem/build.xml" />
    <property name="libs.struts.src" value="" />
    <property name="path.separator" value=":" />
    <property name="libs.JAXB-ENDORSED.classpath" value="/mnt/raddix/opt/netbeans/ide/modules/ext/jaxb/api/jaxb-api.jar" />
    <property name="libs.restlib.src" value="" />
    <property name="build.test.results.dir" value="build/test/results" />
    <property name="libs.jaxws21.javadoc" value="/mnt/raddix/opt/netbeans/java/docs/jaxws-api-doc.zip" />
    <property name="libs.javaee-endorsed-api-6.0.javadoc" value="/mnt/raddix/opt/netbeans/enterprise/docs/javaee-doc-api.jar" />
    <property name="libs.spring-framework400.maven-pom" value="" />
    <property name="ap.processors.internal" value="" />
    <property name="libs.jsf12.classpath" value="/mnt/raddix/opt/netbeans/enterprise/modules/ext/jsf-1_2/jsf-api.jar:/mnt/raddix/opt/netbeans/enterprise/modules/ext/jsf-1_2/jsf-impl.jar" />
    <property name="libs.spring-webmvc5.0.javadoc" value="" />
    <property name="libs.hamcrest.javadoc" value="" />
    <property name="libs.spring-framework400.javadoc" value="" />
    <property name="ant.file.type.Lowatem-impl" value="file" />
    <property name="java.vm.info" value="mixed mode, sharing" />
    <property name="libs.primefaces.classpath" value="/mnt/raddix/opt/netbeans/enterprise/modules/ext/primefaces/primefaces-5.0.jar" />
    <property name="libs.jaxws21.maven-pom" value="" />
    <property name="run.test.classpath" value=":build/classes:/mnt/raddix/opt/netbeans/platform/modules/ext/junit-4.13.2.jar:/mnt/raddix/opt/netbeans/platform/modules/ext/hamcrest-core-1.3.jar:build/test/classes:/mnt/raddix/opt/netbeans/platform/modules/ext/junit-4.13.2.jar:/mnt/raddix/opt/netbeans/platform/modules/ext/hamcrest-core-1.3.jar" />
    <property name="dist.jlink.output" value="dist/jlink/Lowatem" />
    <property name="javadoc.encoding.used" value="UTF-8" />
    <property name="java.class.version" value="55.0" />
    <property name="src.dir" value="src" />
    <property name="debug.classpath" value=":build/classes" />
    <property name="ant.project.default-target" value="default" />
    <property name="excludes" value="" />
    <property name="libs.javaee-api-7.0.src" value="" />
    <property name="libs.junit_4.javadoc" value="/mnt/raddix/opt/netbeans/platform/docs/junit-4.13.2-javadoc.jar" />
    <property name="run.test.jvmargs" value="" />
    <property name="sun.jnu.encoding" value="UTF-8" />
    <property name="libs.spring-webmvc4.0.src" value="" />
    <property name="sun.java2d.dpiaware" value="true" />
    <property name="libs.jsf20.javadoc" value="/mnt/raddix/opt/netbeans/enterprise/docs/javaee-doc-api.jar" />
    <property name="netbeans.importclass" value="org.netbeans.upgrade.AutoUpgrade" />
    <property name="netbeans.autoupdate.version" value="1.23" />
    <property name="empty.dir" value="/mnt/roost/users/emiqueu/cours/cours/algo_prog/Projets/Lowatem/niveau6/Lowatem/build/empty" />
    <property name="netbeans.user" value="/mnt/roost/users/emiqueu/.netbeans/12.5" />
    <property name="javac.includes.binary" value="/mnt/roost/users/emiqueu/cours/cours/algo_prog/Projets/Lowatem/niveau6/Lowatem/build/test/classes/lowatem/JoueurLowatemTest.class" />
    <property name="file.separator" value="/" />
    <property name="line.separator" value="&#xa;" />
    <property name="javadoc.additionalparam" value="" />
    <property name="libs.spring-webmvc5.0.classpath" value="/mnt/raddix/opt/netbeans/java/modules/ext/spring-5/spring-webmvc-5.2.9.RELEASE.jar" />
    <property name="test.method" value="testNbPointsDeVie" />
    <property name="javac.debug" value="true" />
    <property name="libs.restlib.maven-pom" value="" />
    <property name="libs.testng.classpath" value="/mnt/raddix/opt/netbeans/platform/modules/ext/testng-6.14.3.jar:/mnt/raddix/opt/netbeans/platform/modules/ext/jcommander-1.78.jar" />
    <property name="libs.jsp-compiler.src" value="" />
    <property name="user.name" value="emiqueu" />
    <property name="build.classes.dir" value="build/classes" />
    <property name="javadoc.windowtitle" value="" />
    <property name="nb.junit.single" value="true" />
    <property name="nb.internal.action.name" value="debug.single.method" />
    <property name="libs.javaee-api-8.0.maven-pom" value="" />
    <property name="libs.jaxws21.src" value="" />
    <property name="libs.jakartaee-web-api-9.0.javadoc" value="/mnt/raddix/opt/netbeans/enterprise/docs/jakartaee9-doc-api.jar" />
    <property name="platforms.JDK_11.bootclasspath" value="/usr/lib/jvm/java-11-openjdk-amd64/!/modules/java.base/:/usr/lib/jvm/java-11-openjdk-amd64/!/modules/java.compiler/:/usr/lib/jvm/java-11-openjdk-amd64/!/modules/java.datatransfer/:/usr/lib/jvm/java-11-openjdk-amd64/!/modules/java.desktop/:/usr/lib/jvm/java-11-openjdk-amd64/!/modules/java.instrument/:/usr/lib/jvm/java-11-openjdk-amd64/!/modules/java.logging/:/usr/lib/jvm/java-11-openjdk-amd64/!/modules/java.management/:/usr/lib/jvm/java-11-openjdk-amd64/!/modules/java.management.rmi/:/usr/lib/jvm/java-11-openjdk-amd64/!/modules/java.naming/:/usr/lib/jvm/java-11-openjdk-amd64/!/modules/java.net.http/:/usr/lib/jvm/java-11-openjdk-amd64/!/modules/java.prefs/:/usr/lib/jvm/java-11-openjdk-amd64/!/modules/java.rmi/:/usr/lib/jvm/java-11-openjdk-amd64/!/modules/java.scripting/:/usr/lib/jvm/java-11-openjdk-amd64/!/modules/java.se/:/usr/lib/jvm/java-11-openjdk-amd64/!/modules/java.security.jgss/:/usr/lib/jvm/java-11-openjdk-amd64/!/modules/java.security.sasl/:/usr/lib/jvm/java-11-openjdk-amd64/!/modules/java.smartcardio/:/usr/lib/jvm/java-11-openjdk-amd64/!/modules/java.sql/:/usr/lib/jvm/java-11-openjdk-amd64/!/modules/java.sql.rowset/:/usr/lib/jvm/java-11-openjdk-amd64/!/modules/java.transaction.xa/:/usr/lib/jvm/java-11-openjdk-amd64/!/modules/java.xml/:/usr/lib/jvm/java-11-openjdk-amd64/!/modules/java.xml.crypto/:/usr/lib/jvm/java-11-openjdk-amd64/!/modules/jdk.accessibility/:/usr/lib/jvm/java-11-openjdk-amd64/!/modules/jdk.aot/:/usr/lib/jvm/java-11-openjdk-amd64/!/modules/jdk.attach/:/usr/lib/jvm/java-11-openjdk-amd64/!/modules/jdk.charsets/:/usr/lib/jvm/java-11-openjdk-amd64/!/modules/jdk.compiler/:/usr/lib/jvm/java-11-openjdk-amd64/!/modules/jdk.crypto.cryptoki/:/usr/lib/jvm/java-11-openjdk-amd64/!/modules/jdk.crypto.ec/:/usr/lib/jvm/java-11-openjdk-amd64/!/modules/jdk.dynalink/:/usr/lib/jvm/java-11-openjdk-amd64/!/modules/jdk.editpad/:/usr/lib/jvm/java-11-openjdk-amd64/!/modules/jdk.hotspot.agent/:/usr/lib/jvm/java-11-openjdk-amd64/!/modules/jdk.httpserver/:/usr/lib/jvm/java-11-openjdk-amd64/!/modules/jdk.internal.ed/:/usr/lib/jvm/java-11-openjdk-amd64/!/modules/jdk.internal.jvmstat/:/usr/lib/jvm/java-11-openjdk-amd64/!/modules/jdk.internal.le/:/usr/lib/jvm/java-11-openjdk-amd64/!/modules/jdk.internal.opt/:/usr/lib/jvm/java-11-openjdk-amd64/!/modules/jdk.internal.vm.ci/:/usr/lib/jvm/java-11-openjdk-amd64/!/modules/jdk.internal.vm.compiler/:/usr/lib/jvm/java-11-openjdk-amd64/!/modules/jdk.internal.vm.compiler.management/:/usr/lib/jvm/java-11-openjdk-amd64/!/modules/jdk.jartool/:/usr/lib/jvm/java-11-openjdk-amd64/!/modules/jdk.javadoc/:/usr/lib/jvm/java-11-openjdk-amd64/!/modules/jdk.jcmd/:/usr/lib/jvm/java-11-openjdk-amd64/!/modules/jdk.jconsole/:/usr/lib/jvm/java-11-openjdk-amd64/!/modules/jdk.jdeps/:/usr/lib/jvm/java-11-openjdk-amd64/!/modules/jdk.jdi/:/usr/lib/jvm/java-11-openjdk-amd64/!/modules/jdk.jdwp.agent/:/usr/lib/jvm/java-11-openjdk-amd64/!/modules/jdk.jfr/:/usr/lib/jvm/java-11-openjdk-amd64/!/modules/jdk.jlink/:/usr/lib/jvm/java-11-openjdk-amd64/!/modules/jdk.jshell/:/usr/lib/jvm/java-11-openjdk-amd64/!/modules/jdk.jsobject/:/usr/lib/jvm/java-11-openjdk-amd64/!/modules/jdk.jstatd/:/usr/lib/jvm/java-11-openjdk-amd64/!/modules/jdk.localedata/:/usr/lib/jvm/java-11-openjdk-amd64/!/modules/jdk.management/:/usr/lib/jvm/java-11-openjdk-amd64/!/modules/jdk.management.agent/:/usr/lib/jvm/java-11-openjdk-amd64/!/modules/jdk.management.jfr/:/usr/lib/jvm/java-11-openjdk-amd64/!/modules/jdk.naming.dns/:/usr/lib/jvm/java-11-openjdk-amd64/!/modules/jdk.naming.ldap/:/usr/lib/jvm/java-11-openjdk-amd64/!/modules/jdk.naming.rmi/:/usr/lib/jvm/java-11-openjdk-amd64/!/modules/jdk.net/:/usr/lib/jvm/java-11-openjdk-amd64/!/modules/jdk.pack/:/usr/lib/jvm/java-11-openjdk-amd64/!/modules/jdk.rmic/:/usr/lib/jvm/java-11-openjdk-amd64/!/modules/jdk.scripting.nashorn/:/usr/lib/jvm/java-11-openjdk-amd64/!/modules/jdk.scripting.nashorn.shell/:/usr/lib/jvm/java-11-openjdk-amd64/!/modules/jdk.sctp/:/usr/lib/jvm/java-11-openjdk-amd64/!/modules/jdk.security.auth/:/usr/lib/jvm/java-11-openjdk-amd64/!/modules/jdk.security.jgss/:/usr/lib/jvm/java-11-openjdk-amd64/!/modules/jdk.unsupported/:/usr/lib/jvm/java-11-openjdk-amd64/!/modules/jdk.unsupported.desktop/:/usr/lib/jvm/java-11-openjdk-amd64/!/modules/jdk.xml.dom/:/usr/lib/jvm/java-11-openjdk-amd64/!/modules/jdk.zipfs/" />
    <property name="jna.loaded" value="true" />
    <property name="libs.junit_5.maven-pom" value="" />
    <property name="libs.jpa20-persistence.javadoc" value="/mnt/raddix/opt/netbeans/java/modules/ext/docs/javax.persistence-2.2.1-doc.zip" />
    <property name="ant.junit.enabletestlistenerevents" value="true" />
    <property name="libs.JWSAntTasks.src" value="" />
    <property name="libs.spring-webmvc3.0.src" value="" />
    <property name="ant.home" value="/mnt/raddix/opt/netbeans/extide/ant" />
    <property name="debug.test.classpath" value=":build/classes:/mnt/raddix/opt/netbeans/platform/modules/ext/junit-4.13.2.jar:/mnt/raddix/opt/netbeans/platform/modules/ext/hamcrest-core-1.3.jar:build/test/classes:/mnt/raddix/opt/netbeans/platform/modules/ext/junit-4.13.2.jar:/mnt/raddix/opt/netbeans/platform/modules/ext/hamcrest-core-1.3.jar" />
    <property name="javac.external.vm" value="true" />
    <property name="have.tests" value="true" />
    <property name="testng.debug.mode" value="" />
    <property name="javac.target" value="1.8" />
    <property name="ant.version" value="Apache Ant(TM) version 1.10.8 compiled on May 10 2020" />
    <property name="libs.absolutelayout.maven-pom" value="" />
    <property name="java.failonerror" value="true" />
    <property name="libs.spring-framework500.src" value="" />
    <property name="javac.modulepath" value="" />
    <property name="libs.javaee-api-6.0.src" value="" />
    <property name="user.properties.file" value="/mnt/roost/users/emiqueu/.netbeans/12.5/build.properties" />
    <property name="javac.includes" value="lowatem/JoueurLowatemTest.java" />
    <property name="netbeans.autoupdate.country" value="FR" />
    <property name="java.class.path" value="/mnt/roost/users/emiqueu/cours/cours/algo_prog/Projets/Lowatem/niveau6/Lowatem/build/classes:/mnt/raddix/opt/netbeans/platform/modules/ext/junit-4.13.2.jar:/mnt/raddix/opt/netbeans/platform/modules/ext/hamcrest-core-1.3.jar:/mnt/roost/users/emiqueu/cours/cours/algo_prog/Projets/Lowatem/niveau6/Lowatem/build/test/classes:/mnt/raddix/opt/netbeans/extide/ant/lib/ant-launcher.jar:/mnt/raddix/opt/netbeans/extide/ant/lib/ant.jar:/mnt/raddix/opt/netbeans/extide/ant/lib/ant-junit.jar:/mnt/raddix/opt/netbeans/extide/ant/lib/ant-junit4.jar" />
    <property name="libs.javaee-web-api-6.0.maven-pom" value="" />
    <property name="java.vm.vendor" value="Ubuntu" />
    <property name="ap.supported.internal" value="true" />
    <property name="netbeans.home+have.tests" value="true" />
    <property name="test.binaryexcludes" value="" />
    <property name="ant.file.Lowatem" value="/mnt/roost/users/emiqueu/cours/cours/algo_prog/Projets/Lowatem/niveau6/Lowatem/build.xml" />
    <property name="javac.compilerargs" value="" />
    <property name="libs.jstl.maven-pom" value="" />
    <property name="libs.jakartaee-web-api-8.0.src" value="" />
    <property name="sun.cpu.endian" value="little" />
    <property name="libs.jakartaee-api-9.0.src" value="" />
    <property name="libs.junit_4.src" value="/mnt/raddix/opt/netbeans/platform/docs/junit-4.13.2-sources.jar" />
    <property name="user.language" value="fr" />
    <property name="copylibs.rebase" value="true" />
    <property name="maven.defaultProjectBuilder.disableGlobalModelCache" value="true" />
    <property name="libs.javaee-web-api-6.0.src" value="" />
    <property name="javadoc.nonavbar" value="false" />
    <property name="libs.javaee-api-8.0.src" value="" />
    <property name="ant.java.version" value="11" />
    <property name="libs.junit_4.classpath" value="/mnt/raddix/opt/netbeans/platform/modules/ext/junit-4.13.2.jar" />
    <property name="libs.jakartaee-api-9.0.javadoc" value="/mnt/raddix/opt/netbeans/enterprise/docs/jakartaee9-doc-api.jar" />
    <property name="jlink.launcher.name" value="Lowatem" />
    <property name="test.binarytestincludes" value="" />
    <property name="libs.junit_4.maven-pom" value="" />
    <property name="libs.spring-webmvc5.0.maven-pom" value="" />
    <property name="libs.jsp-compiler.maven-pom" value="" />
    <property name="runtime.encoding" value="UTF-8" />
    <property name="jlink.additionalmodules" value="" />
    <property name="javac.classpath" value="" />
    <property name="libs.jakartaee-web-api-8.0.classpath" value="/mnt/raddix/opt/netbeans/enterprise/modules/ext/jakarta.jakartaee-web-api-8.0.0.jar" />
    <property name="dist.jlink.dir" value="dist/jlink" />
    <property name="nb.junit.batch" value="false" />
    <property name="build.test.classes.dir" value="build/test/classes" />
    <property name="libs.spring-framework300.maven-pom" value="" />
    <property name="ant.project.invoked-targets" value="debug-single-method" />
    <property name="libs.jstl.classpath" value="/mnt/raddix/opt/netbeans/enterprise/modules/ext/jstl-impl.jar:/mnt/raddix/opt/netbeans/enterprise/modules/ext/jstl-api.jar" />
    <property name="ap.cmd.line.internal" value="" />
    <property name="jna.platform.library.path" value="/usr/lib/x86_64-linux-gnu:/lib/x86_64-linux-gnu:/usr/lib64:/lib64:/usr/lib:/lib:/lib32:/usr/lib/x86_64-linux-gnu/libfakeroot" />
    <property name="libs.PostgreSQLDriver.src" value="" />
    <property name="java.vendor.url.bug" value="https://bugs.launchpad.net/ubuntu/+source/openjdk-lts" />
    <property name="annotation.processing.source.output" value="build/generated-sources/ap-source-output" />
    <property name="user.dir" value="/mnt/roost/users/emiqueu/cours/cours/algo_prog/Projets/Lowatem/niveau6/Lowatem" />
    <property name="libs.javaee-endorsed-api-6.0.maven-pom" value="" />
    <property name="platform.java" value="/usr/lib/jvm/java-11-openjdk-amd64/bin/java" />
    <property name="application.args" value="" />
    <property name="org.xml.sax.driver" value="com.sun.org.apache.xerces.internal.jaxp.SAXParserImpl$JAXPSAXParser" />
    <property name="libs.jakartaee-web-api-8.0.maven-pom" value="" />
    <property name="libs.eclipselink.src" value="" />
    <property name="java.vm.version" value="11.0.11+9-Ubuntu-0ubuntu2.20.04" />
    <property name="libs.metro.javadoc" value="/mnt/raddix/opt/netbeans/enterprise/docs/webservices-api-javadoc.jar:/mnt/raddix/opt/netbeans/enterprise/docs/webservices-extra-javadoc.jar:/mnt/raddix/opt/netbeans/enterprise/docs/webservices-extra-api-javadoc.jar:/mnt/raddix/opt/netbeans/enterprise/docs/webservices-rt-javadoc.jar:/mnt/raddix/opt/netbeans/enterprise/docs/webservices-tools-javadoc.jar" />
    <property name="libs.jakartaee-web-api-9.0.src" value="" />
    <property name="test.class" value="lowatem.JoueurLowatemTest" />
    <property name="sun.awt.datatransfer.timeout" value="1000" />
    <property name="annotation.processing.run.all.processors" value="true" />
    <property name="libs.javaee-web-api-7.0.src" value="" />
    <property name="libs.jsp-compiler.classpath" value="/mnt/raddix/opt/netbeans/enterprise/ant/extra/jspcompile.jar" />
    <property name="libs.jakartaee-api-8.0.src" value="" />
    <property name="junit.forkmode" value="perTest" />
    <property name="libs.javaee-endorsed-api-6.0.classpath" value="/mnt/raddix/opt/netbeans/enterprise/modules/ext/javaee6-endorsed/javax.annotation.jar:/mnt/raddix/opt/netbeans/enterprise/modules/ext/javaee6-endorsed/jaxb-api-osgi.jar:/mnt/raddix/opt/netbeans/enterprise/modules/ext/javaee6-endorsed/webservices-api-osgi.jar" />
  </properties>
  <testcase classname="lowatem.JoueurLowatemTest" name="testNbPointsDeVie" time="0.003" />
  <system-out><![CDATA[]]></system-out>
  <system-err><![CDATA[]]></system-err>
</testsuite>
